Base path: /Applications/Unity/Unity.app/Contents
Cmd: initializeCompiler
Cmd: compileComputeKernel
  api=14 insize=1435 outsize=7437 ok=1
Cmd: translateComputeKernel
  api=14 insize=7437 outsize=3117 ok=1
Cmd: compileComputeKernel
  api=14 insize=3273 outsize=7909 ok=1
Cmd: translateComputeKernel
  api=14 insize=7909 outsize=5241 ok=1
Cmd: compileComputeKernel
  api=14 insize=1526 outsize=7489 ok=1
Cmd: translateComputeKernel
  api=14 insize=7489 outsize=3537 ok=1
Cmd: initializeCompiler
Cmd: initializeCompiler
Cmd: initializeCompiler
Cmd: initializeCompiler
Cmd: initializeCompiler
Cmd: initializeCompiler
Cmd: initializeCompiler
Cmd: initializeCompiler
Cmd: initializeCompiler
Cmd: initializeCompiler
Cmd: initializeCompiler
Cmd: initializeCompiler
Cmd: initializeCompiler
Cmd: initializeCompiler
Cmd: initializeCompiler
Cmd: initializeCompiler
Cmd: initializeCompiler
Cmd: initializeCompiler
Cmd: initializeCompiler
Cmd: initializeCompiler
Cmd: initializeCompiler
Cmd: initializeCompiler
Cmd: initializeCompiler
Cmd: initializeCompiler
Cmd: initializeCompiler
Cmd: initializeCompiler

Quitting shader compiler process
